[2024-03-22 15:00:24,662] {taskinstance.py:826} INFO - Dependencies all met for <TaskInstance: download_rocket_launches.download_launches 2024-03-22T15:00:20.658537+00:00 [queued]>
[2024-03-22 15:00:24,746] {taskinstance.py:826} INFO - Dependencies all met for <TaskInstance: download_rocket_launches.download_launches 2024-03-22T15:00:20.658537+00:00 [queued]>
[2024-03-22 15:00:24,746] {taskinstance.py:1017} INFO - 
--------------------------------------------------------------------------------
[2024-03-22 15:00:24,747] {taskinstance.py:1018} INFO - Starting attempt 1 of 1
[2024-03-22 15:00:24,747] {taskinstance.py:1019} INFO - 
--------------------------------------------------------------------------------
[2024-03-22 15:00:24,819] {taskinstance.py:1038} INFO - Executing <Task(BashOperator): download_launches> on 2024-03-22T15:00:20.658537+00:00
[2024-03-22 15:00:24,839] {standard_task_runner.py:51} INFO - Started process 970491 to run task
[2024-03-22 15:00:24,850] {standard_task_runner.py:75} INFO - Running: ['airflow', 'tasks', 'run', 'download_rocket_launches', 'download_launches', '2024-03-22T15:00:20.658537+00:00', '--job-id', '44', '--pool', 'default_pool', '--raw', '--subdir', 'DAGS_FOLDER/download_rocket_launches.py', '--cfg-path', '/tmp/tmpl4k_yft3']
[2024-03-22 15:00:24,871] {standard_task_runner.py:76} INFO - Job 44: Subtask download_launches
[2024-03-22 15:00:25,099] {logging_mixin.py:103} INFO - Running <TaskInstance: download_rocket_launches.download_launches 2024-03-22T15:00:20.658537+00:00 [running]> on host ef8b2517d544
[2024-03-22 15:00:25,371] {taskinstance.py:1230} INFO - Exporting the following env vars:
AIRFLOW_CTX_DAG_OWNER=airflow
AIRFLOW_CTX_DAG_ID=download_rocket_launches
AIRFLOW_CTX_TASK_ID=download_launches
AIRFLOW_CTX_EXECUTION_DATE=2024-03-22T15:00:20.658537+00:00
AIRFLOW_CTX_DAG_RUN_ID=manual__2024-03-22T15:00:20.658537+00:00
[2024-03-22 15:00:25,379] {bash.py:135} INFO - Tmp dir root location: 
 /tmp
[2024-03-22 15:00:25,384] {bash.py:158} INFO - Running command: curl -o /tmp/launches.json -L 'https://ll.thespacedevs.com/2.0.0/launch/upcoming'
[2024-03-22 15:00:25,404] {bash.py:169} INFO - Output:
[2024-03-22 15:00:25,667] {bash.py:173} INFO -   % Total    % Received % Xferd  Average Speed   Time    Time     Time  Current
[2024-03-22 15:00:25,667] {bash.py:173} INFO -                                  Dload  Upload   Total   Spent    Left  Speed
[2024-03-22 15:00:38,715] {bash.py:173} INFO -   0     0    0     0    0     0      0      0 --:--:-- --:--:-- --:--:--     0  0     0    0     0    0     0      0      0 --:--:-- --:--:-- --:--:--     0  0     0    0     0    0     0      0      0 --:--:--  0:00:01 --:--:--     0  0     0    0     0    0     0      0      0 --:--:--  0:00:02 --:--:--     0  0     0    0     0    0     0      0      0 --:--:--  0:00:03 --:--:--     0  0     0    0     0    0     0      0      0 --:--:--  0:00:04 --:--:--     0  0     0    0     0    0     0      0      0 --:--:--  0:00:05 --:--:--     0  0     0    0     0    0     0      0      0 --:--:--  0:00:06 --:--:--     0  0     0    0     0    0     0      0      0 --:--:--  0:00:07 --:--:--     0  0     0    0     0    0     0      0      0 --:--:--  0:00:08 --:--:--     0  0     0    0     0    0     0      0      0 --:--:--  0:00:09 --:--:--     0  0     0    0     0    0     0      0      0 --:--:--  0:00:10 --:--:--     0  0     0    0     0    0     0      0      0 --:--:--  0:00:11 --:--:--     0  0     0    0     0    0     0      0      0 --:--:--  0:00:12 --:--:--     0  0     0    0     0    0     0      0      0 --:--:--  0:00:13 --:--:--     0
[2024-03-22 15:00:41,947] {bash.py:173} INFO -   0     0    0     0    0     0      0      0 --:--:--  0:00:14 --:--:--     0  0     0    0     0    0     0      0      0 --:--:--  0:00:15 --:--:--     0  0     0    0     0    0     0      0      0 --:--:--  0:00:16 --:--:--     0 39 27930   39 10921    0     0    675      0  0:00:41  0:00:16  0:00:25  5178100 27930  100 27930    0     0   1715      0  0:00:16  0:00:16 --:--:-- 12524
[2024-03-22 15:00:41,953] {bash.py:177} INFO - Command exited with return code 0
[2024-03-22 15:00:42,037] {taskinstance.py:1135} INFO - Marking task as SUCCESS. dag_id=download_rocket_launches, task_id=download_launches, execution_date=20240322T150020, start_date=20240322T150024, end_date=20240322T150042
[2024-03-22 15:00:42,114] {taskinstance.py:1195} INFO - 1 downstream tasks scheduled from follow-on schedule check
[2024-03-22 15:00:42,125] {local_task_job.py:118} INFO - Task exited with return code 0
