[2024-03-22 15:01:04,606] {taskinstance.py:826} INFO - Dependencies all met for <TaskInstance: download_rocket_launches.notify 2024-03-22T15:00:20.658537+00:00 [queued]>
[2024-03-22 15:01:04,641] {taskinstance.py:826} INFO - Dependencies all met for <TaskInstance: download_rocket_launches.notify 2024-03-22T15:00:20.658537+00:00 [queued]>
[2024-03-22 15:01:04,641] {taskinstance.py:1017} INFO - 
--------------------------------------------------------------------------------
[2024-03-22 15:01:04,641] {taskinstance.py:1018} INFO - Starting attempt 1 of 1
[2024-03-22 15:01:04,641] {taskinstance.py:1019} INFO - 
--------------------------------------------------------------------------------
[2024-03-22 15:01:04,658] {taskinstance.py:1038} INFO - Executing <Task(BashOperator): notify> on 2024-03-22T15:00:20.658537+00:00
[2024-03-22 15:01:04,661] {standard_task_runner.py:51} INFO - Started process 972338 to run task
[2024-03-22 15:01:04,677] {standard_task_runner.py:75} INFO - Running: ['airflow', 'tasks', 'run', 'download_rocket_launches', 'notify', '2024-03-22T15:00:20.658537+00:00', '--job-id', '46', '--pool', 'default_pool', '--raw', '--subdir', 'DAGS_FOLDER/download_rocket_launches.py', '--cfg-path', '/tmp/tmp0_l95cmb']
[2024-03-22 15:01:04,678] {standard_task_runner.py:76} INFO - Job 46: Subtask notify
[2024-03-22 15:01:04,744] {logging_mixin.py:103} INFO - Running <TaskInstance: download_rocket_launches.notify 2024-03-22T15:00:20.658537+00:00 [running]> on host ef8b2517d544
[2024-03-22 15:01:04,866] {taskinstance.py:1230} INFO - Exporting the following env vars:
AIRFLOW_CTX_DAG_OWNER=airflow
AIRFLOW_CTX_DAG_ID=download_rocket_launches
AIRFLOW_CTX_TASK_ID=notify
AIRFLOW_CTX_EXECUTION_DATE=2024-03-22T15:00:20.658537+00:00
AIRFLOW_CTX_DAG_RUN_ID=manual__2024-03-22T15:00:20.658537+00:00
[2024-03-22 15:01:04,873] {bash.py:135} INFO - Tmp dir root location: 
 /tmp
[2024-03-22 15:01:04,875] {bash.py:158} INFO - Running command: echo "There are now $(ls /tmp/images/ | wc -l) images."
[2024-03-22 15:01:04,915] {bash.py:169} INFO - Output:
[2024-03-22 15:01:05,021] {bash.py:173} INFO - There are now 7 images.
[2024-03-22 15:01:05,021] {bash.py:177} INFO - Command exited with return code 0
[2024-03-22 15:01:05,129] {taskinstance.py:1135} INFO - Marking task as SUCCESS. dag_id=download_rocket_launches, task_id=notify, execution_date=20240322T150020, start_date=20240322T150104, end_date=20240322T150105
[2024-03-22 15:01:05,268] {taskinstance.py:1195} INFO - 0 downstream tasks scheduled from follow-on schedule check
[2024-03-22 15:01:05,312] {local_task_job.py:118} INFO - Task exited with return code 0
